<?xml version="1.0" encoding="UTF-8"?>
<!-- Generated by org.testng.reporters.JUnitXMLReporter -->
<testsuite hostname="LAPTOP-OP77TC5A" name="Default test" tests="6" failures="0" timestamp="17 May 2020 06:02:38 GMT" time="0.125" errors="0">
  <testcase name="DependentOnOne" time="0.0" classname="test.first.Test3">
    <skipped/>
  </testcase> <!-- DependentOnOne -->
  <testcase name="DependentOnTwo" time="0.002" classname="test.first.Test3"/>
  <testcase name="MobileLoginCarLoan" time="0.0" classname="test.first.Test3">
    <skipped/>
  </testcase> <!-- MobileLoginCarLoan -->
  <testcase name="MobileSignOutCarLoan" time="0.009" classname="test.first.Test3"/>
  <testcase name="WebLoginCarLoan" time="0.001" classname="test.first.Test3"/>
  <testcase name="LoginAPICarLoan" time="0.0" classname="test.first.Test3">
    <skipped/>
  </testcase> <!-- LoginAPICarLoan -->
</testsuite> <!-- Default test -->
