<?xml version="1.0" encoding="UTF-8"?>
<!-- Generated by org.testng.reporters.JUnitXMLReporter -->
<testsuite hostname="LAPTOP-OP77TC5A" name="Personal Loan" tests="4" failures="1" timestamp="18 May 2020 22:28:31 GMT" time="0.07" errors="0">
  <testcase name="Demo" time="0.016" classname="test.first.Test1"/>
  <testcase name="SecondTest" time="0.003" classname="test.first.Test1">
    <failure type="java.lang.AssertionError" message="expected [true] but found [false]">
      <![CDATA[java.lang.AssertionError: expected [true] but found [false]
	at test.first.Test1.SecondTest(Test1.java:31)
... Removed 29 stack frames]]>
    </failure>
  </testcase> <!-- SecondTest -->
  <testcase name="DemoTwoPersonalLoan" time="0.003" classname="test.first.Test2"/>
  <testcase name="ploan" time="0.002" classname="test.first.Test2"/>
</testsuite> <!-- Personal Loan -->
