<?xml version="1.0" encoding="UTF-8"?>
<!-- Generated by org.testng.reporters.JUnitXMLReporter -->
<testsuite hostname="LAPTOP-OP77TC5A" name="Regression" tests="3" failures="0" timestamp="17 May 2020 07:07:55 GMT" time="0.036" errors="0">
  <testcase name="ploan" time="0.01" classname="test.first.Test2"/>
  <testcase name="WebLoginCarLoan" time="0.001" classname="test.first.Test3"/>
  <testcase name="MobileLoginHomeLoan" time="0.002" classname="test.first.Test4"/>
</testsuite> <!-- Regression -->
